[REQUEST 2017-10-07 09:59:22]
PUT /attributes/AttributeTeste-1451259323 HTTP/1.1
Host: api.skyhub.com.br
Expect:
User-Agent: Httpful/0.2.20 (cURL/7.52.1 PHP/7.0.22-0ubuntu0.17.04.1 (Linux))
Content-Type: application/json
X-User-Email: glauber.oculosecia@skyhub.com.br
X-Api-Key: 2RDxTmtLWmxQPk2zR8x3
Accept: application/json
Content-Type: application/json
Content-Length: 150

{"attribute":{"code":"AttributeTeste-1451259323","name":"AttributeTeste-1507370361","label":"Test attribute skyhub-php library updated - 1507370361"}}
[RESPONSE 2017-10-07 09:59:22]
HTTP/1.1 500 Internal Server Error
Date: Sat, 07 Oct 2017 09:59:22 GMT
Content-Type: application/json
Transfer-Encoding: chunked
Connection: keep-alive
X-RateLimit-Limit-minute: 500
X-RateLimit-Remaining-minute: 499
Server: kong/0.11.0
{"message":"An unexpected error occurred"}
[REQUEST 2017-10-07 10:00:40]
PUT /attributes/AttributeTeste-1451259323 HTTP/1.1
Host: api.skyhub.com.br
Expect:
User-Agent: Httpful/0.2.20 (cURL/7.52.1 PHP/7.0.22-0ubuntu0.17.04.1 (Linux))
Content-Type: application/json
X-User-Email: glauber.oculosecia@skyhub.com.br
X-Api-Key: 2RDxTmtLWmxQPk2zR8x3
Accept: application/json
Content-Type: application/json
Content-Length: 150

{"attribute":{"code":"AttributeTeste-1451259323","name":"AttributeTeste-1507370439","label":"Test attribute skyhub-php library updated - 1507370439"}}

[RESPONSE 2017-10-07 10:00:40]
HTTP/1.1 500 Internal Server Error
Date: Sat, 07 Oct 2017 10:00:40 GMT
Content-Type: application/json
Transfer-Encoding: chunked
Connection: keep-alive
X-RateLimit-Limit-minute: 500
X-RateLimit-Remaining-minute: 499
Server: kong/0.11.0
{"message":"An unexpected error occurred"}
[REQUEST 2017-10-07 10:53:42]
PUT /attributes/AttributeTeste-1451259323 HTTP/1.1
Host: api.skyhub.com.br
Expect:
User-Agent: Httpful/0.2.20 (cURL/7.52.1 PHP/7.0.22-0ubuntu0.17.04.1 (Linux))
Content-Type: application/json
X-User-Email: glauber.oculosecia@skyhub.com.br
X-Api-Key: 2RDxTmtLWmxQPk2zR8x3
Accept: application/json
Content-Type: application/json
Content-Length: 150

{"attribute":{"code":"AttributeTeste-1451259323","name":"AttributeTeste-1507373610","label":"Test attribute skyhub-php library updated - 1507373610"}}

[RESPONSE 2017-10-07 10:53:42]
HTTP/1.1 500 Internal Server Error
Date: Sat, 07 Oct 2017 10:53:41 GMT
Content-Type: application/json
Transfer-Encoding: chunked
Connection: keep-alive
X-RateLimit-Limit-minute: 500
X-RateLimit-Remaining-minute: 499
Server: kong/0.11.0
{"message":"An unexpected error occurred"}
[REQUEST 2017-10-07 14:52:24]
PUT /attributes/AttributeTeste-1451259323 HTTP/1.1
Host: api.skyhub.com.br
Expect:
User-Agent: Httpful/0.2.20 (cURL/7.52.1 PHP/7.0.22-0ubuntu0.17.04.1 (Linux))
Content-Type: application/json
X-User-Email: glauber.oculosecia@skyhub.com.br
X-Api-Key: 2RDxTmtLWmxQPk2zR8x3
Accept: application/json
Content-Type: application/json
Content-Length: 150

{"attribute":{"code":"AttributeTeste-1451259323","name":"AttributeTeste-1507387942","label":"Test attribute skyhub-php library updated - 1507387942"}}

[RESPONSE 2017-10-07 14:52:24]
HTTP/1.1 500 Internal Server Error
Date: Sat, 07 Oct 2017 14:52:24 GMT
Content-Type: application/json
Transfer-Encoding: chunked
Connection: keep-alive
X-RateLimit-Limit-minute: 500
X-RateLimit-Remaining-minute: 499
Server: kong/0.11.0
{"message":"An unexpected error occurred"}
